<?xml version="1.0" encoding="utf-8"?>
<TestRun id="3d0720dc-88ba-40ef-ad85-20e232b5b3e5" name="SACHIN@SACHIN 2026-01-29 13:57:42" runUser="SACHIN\SACHIN" xmlns="http://microsoft.com/schemas/VisualStudio/TeamTest/2010">
  <Times creation="2026-01-29T13:57:42.8667540+05:30" queuing="2026-01-29T13:57:42.8667545+05:30" start="2026-01-29T13:57:42.0662767+05:30" finish="2026-01-29T13:57:42.8722513+05:30" />
  <TestSettings name="default" id="b54f4757-baba-4db3-a0c8-0eed9385ae71">
    <Deployment runDeploymentRoot="SACHIN_SACHIN_2026-01-29_13_57_42" />
  </TestSettings>
  <Results>
    <UnitTestResult executionId="30bd6fc5-1b51-41e7-93df-454b92bbb88b" testId="06eb8b52-0742-bebe-dcb2-c11dfd28d65b" testName="ParseAndAdd_ValidStrings(&quot;5&quot;,&quot;5&quot;,10)" computerName="SACHIN" duration="00:00:00.0001480" startTime="2026-01-29T13:57:42.6912272+05:30" endTime="2026-01-29T13:57:42.6913747+05:30" testType="13cdc9d9-ddb5-4fa4-a97d-d965ccfc6d4b" outcome="Passed" testListId="8c84fa94-04c1-424b-9868-57a2d4851a1d" relativeResultsDirectory="30bd6fc5-1b51-41e7-93df-454b92bbb88b" />
    <UnitTestResult executionId="71cab439-95aa-4ab5-b6d9-aed3062ca6b8" testId="dbfb4554-7bf3-1e01-82e9-cdac0baaf2e6" testName="Add_Overflow_ShouldThrow" computerName="SACHIN" duration="00:00:00.0072920" startTime="2026-01-29T13:57:42.6812662+05:30" endTime="2026-01-29T13:57:42.6885006+05:30" testType="13cdc9d9-ddb5-4fa4-a97d-d965ccfc6d4b" outcome="Passed" testListId="8c84fa94-04c1-424b-9868-57a2d4851a1d" relativeResultsDirectory="71cab439-95aa-4ab5-b6d9-aed3062ca6b8" />
    <UnitTestResult executionId="dd43051e-6c7e-4aa3-866b-0337ba2eea9a" testId="acd6ed96-f7e9-202d-c65e-d564e44c9235" testName="SquareRoot_Negative_ShouldThrow" computerName="SACHIN" duration="00:00:00.0002380" startTime="2026-01-29T13:57:42.6923104+05:30" endTime="2026-01-29T13:57:42.6925483+05:30" testType="13cdc9d9-ddb5-4fa4-a97d-d965ccfc6d4b" outcome="Passed" testListId="8c84fa94-04c1-424b-9868-57a2d4851a1d" relativeResultsDirectory="dd43051e-6c7e-4aa3-866b-0337ba2eea9a" />
    <UnitTestResult executionId="77eb89b3-5942-4513-90eb-f9083750efff" testId="487b27e7-b61a-9acd-f4b9-24ca59c42c23" testName="ParseAndAdd_ValidStrings(&quot;10&quot;,&quot;20&quot;,30)" computerName="SACHIN" duration="00:00:00.0000900" startTime="2026-01-29T13:57:42.6911320+05:30" endTime="2026-01-29T13:57:42.6912219+05:30" testType="13cdc9d9-ddb5-4fa4-a97d-d965ccfc6d4b" outcome="Passed" testListId="8c84fa94-04c1-424b-9868-57a2d4851a1d" relativeResultsDirectory="77eb89b3-5942-4513-90eb-f9083750efff" />
    <UnitTestResult executionId="108fe4bd-6147-4226-8f82-bfa1ef402197" testId="ba334007-1ef5-4744-60cd-3330980b937f" testName="Add_Works" computerName="SACHIN" duration="00:00:00.0010520" startTime="2026-01-29T13:57:42.6894405+05:30" endTime="2026-01-29T13:57:42.6904930+05:30" testType="13cdc9d9-ddb5-4fa4-a97d-d965ccfc6d4b" outcome="Passed" testListId="8c84fa94-04c1-424b-9868-57a2d4851a1d" relativeResultsDirectory="108fe4bd-6147-4226-8f82-bfa1ef402197" />
    <UnitTestResult executionId="d31676f4-16bc-4805-b996-568f91abf204" testId="836dffea-3ca8-2798-701a-ed0c173746c1" testName="ParseAndAdd_InvalidString_ShouldThrow" computerName="SACHIN" duration="00:00:00.0002840" startTime="2026-01-29T13:57:42.6908197+05:30" endTime="2026-01-29T13:57:42.6911034+05:30" testType="13cdc9d9-ddb5-4fa4-a97d-d965ccfc6d4b" outcome="Passed" testListId="8c84fa94-04c1-424b-9868-57a2d4851a1d" relativeResultsDirectory="d31676f4-16bc-4805-b996-568f91abf204" />
    <UnitTestResult executionId="31684dd9-7b00-4db2-a8ad-4898e866fc5f" testId="61cbcabc-306a-d3e9-c5f3-c26aaaf7cfd6" testName="Divide_ByZero_ShouldThrow" computerName="SACHIN" duration="00:00:00.0002990" startTime="2026-01-29T13:57:42.6905122+05:30" endTime="2026-01-29T13:57:42.6908106+05:30" testType="13cdc9d9-ddb5-4fa4-a97d-d965ccfc6d4b" outcome="Passed" testListId="8c84fa94-04c1-424b-9868-57a2d4851a1d" relativeResultsDirectory="31684dd9-7b00-4db2-a8ad-4898e866fc5f" />
  </Results>
  <TestDefinitions>
    <UnitTest name="ParseAndAdd_ValidStrings(&quot;10&quot;,&quot;20&quot;,30)" storage="c:\users\sachin\desktop\.net\nunit\smartcalculator\calculatorlib.tests\bin\debug\net10.0\calculatorlib.tests.dll" id="487b27e7-b61a-9acd-f4b9-24ca59c42c23">
      <Execution id="77eb89b3-5942-4513-90eb-f9083750efff" />
      <TestMethod codeBase="C:\Users\SACHIN\Desktop\.NET\nunit\smartcalculator\CalculatorLib.Tests\bin\Debug\net10.0\CalculatorLib.Tests.dll" adapterTypeName="executor://nunit3testexecutor/" className="CalculatorLib.Tests.CalculatorTests" name="ParseAndAdd_ValidStrings(&quot;10&quot;,&quot;20&quot;,30)" />
    </UnitTest>
    <UnitTest name="ParseAndAdd_ValidStrings(&quot;5&quot;,&quot;5&quot;,10)" storage="c:\users\sachin\desktop\.net\nunit\smartcalculator\calculatorlib.tests\bin\debug\net10.0\calculatorlib.tests.dll" id="06eb8b52-0742-bebe-dcb2-c11dfd28d65b">
      <Execution id="30bd6fc5-1b51-41e7-93df-454b92bbb88b" />
      <TestMethod codeBase="C:\Users\SACHIN\Desktop\.NET\nunit\smartcalculator\CalculatorLib.Tests\bin\Debug\net10.0\CalculatorLib.Tests.dll" adapterTypeName="executor://nunit3testexecutor/" className="CalculatorLib.Tests.CalculatorTests" name="ParseAndAdd_ValidStrings(&quot;5&quot;,&quot;5&quot;,10)" />
    </UnitTest>
    <UnitTest name="SquareRoot_Negative_ShouldThrow" storage="c:\users\sachin\desktop\.net\nunit\smartcalculator\calculatorlib.tests\bin\debug\net10.0\calculatorlib.tests.dll" id="acd6ed96-f7e9-202d-c65e-d564e44c9235">
      <Execution id="dd43051e-6c7e-4aa3-866b-0337ba2eea9a" />
      <TestMethod codeBase="C:\Users\SACHIN\Desktop\.NET\nunit\smartcalculator\CalculatorLib.Tests\bin\Debug\net10.0\CalculatorLib.Tests.dll" adapterTypeName="executor://nunit3testexecutor/" className="CalculatorLib.Tests.CalculatorTests" name="SquareRoot_Negative_ShouldThrow" />
    </UnitTest>
    <UnitTest name="Add_Works" storage="c:\users\sachin\desktop\.net\nunit\smartcalculator\calculatorlib.tests\bin\debug\net10.0\calculatorlib.tests.dll" id="ba334007-1ef5-4744-60cd-3330980b937f">
      <Execution id="108fe4bd-6147-4226-8f82-bfa1ef402197" />
      <TestMethod codeBase="C:\Users\SACHIN\Desktop\.NET\nunit\smartcalculator\CalculatorLib.Tests\bin\Debug\net10.0\CalculatorLib.Tests.dll" adapterTypeName="executor://nunit3testexecutor/" className="CalculatorLib.Tests.CalculatorTests" name="Add_Works" />
    </UnitTest>
    <UnitTest name="Divide_ByZero_ShouldThrow" storage="c:\users\sachin\desktop\.net\nunit\smartcalculator\calculatorlib.tests\bin\debug\net10.0\calculatorlib.tests.dll" id="61cbcabc-306a-d3e9-c5f3-c26aaaf7cfd6">
      <Execution id="31684dd9-7b00-4db2-a8ad-4898e866fc5f" />
      <TestMethod codeBase="C:\Users\SACHIN\Desktop\.NET\nunit\smartcalculator\CalculatorLib.Tests\bin\Debug\net10.0\CalculatorLib.Tests.dll" adapterTypeName="executor://nunit3testexecutor/" className="CalculatorLib.Tests.CalculatorTests" name="Divide_ByZero_ShouldThrow" />
    </UnitTest>
    <UnitTest name="Add_Overflow_ShouldThrow" storage="c:\users\sachin\desktop\.net\nunit\smartcalculator\calculatorlib.tests\bin\debug\net10.0\calculatorlib.tests.dll" id="dbfb4554-7bf3-1e01-82e9-cdac0baaf2e6">
      <Execution id="71cab439-95aa-4ab5-b6d9-aed3062ca6b8" />
      <TestMethod codeBase="C:\Users\SACHIN\Desktop\.NET\nunit\smartcalculator\CalculatorLib.Tests\bin\Debug\net10.0\CalculatorLib.Tests.dll" adapterTypeName="executor://nunit3testexecutor/" className="CalculatorLib.Tests.CalculatorTests" name="Add_Overflow_ShouldThrow" />
    </UnitTest>
    <UnitTest name="ParseAndAdd_InvalidString_ShouldThrow" storage="c:\users\sachin\desktop\.net\nunit\smartcalculator\calculatorlib.tests\bin\debug\net10.0\calculatorlib.tests.dll" id="836dffea-3ca8-2798-701a-ed0c173746c1">
      <Execution id="d31676f4-16bc-4805-b996-568f91abf204" />
      <TestMethod codeBase="C:\Users\SACHIN\Desktop\.NET\nunit\smartcalculator\CalculatorLib.Tests\bin\Debug\net10.0\CalculatorLib.Tests.dll" adapterTypeName="executor://nunit3testexecutor/" className="CalculatorLib.Tests.CalculatorTests" name="ParseAndAdd_InvalidString_ShouldThrow" />
    </UnitTest>
  </TestDefinitions>
  <TestEntries>
    <TestEntry testId="06eb8b52-0742-bebe-dcb2-c11dfd28d65b" executionId="30bd6fc5-1b51-41e7-93df-454b92bbb88b" testListId="8c84fa94-04c1-424b-9868-57a2d4851a1d" />
    <TestEntry testId="dbfb4554-7bf3-1e01-82e9-cdac0baaf2e6" executionId="71cab439-95aa-4ab5-b6d9-aed3062ca6b8" testListId="8c84fa94-04c1-424b-9868-57a2d4851a1d" />
    <TestEntry testId="acd6ed96-f7e9-202d-c65e-d564e44c9235" executionId="dd43051e-6c7e-4aa3-866b-0337ba2eea9a" testListId="8c84fa94-04c1-424b-9868-57a2d4851a1d" />
    <TestEntry testId="487b27e7-b61a-9acd-f4b9-24ca59c42c23" executionId="77eb89b3-5942-4513-90eb-f9083750efff" testListId="8c84fa94-04c1-424b-9868-57a2d4851a1d" />
    <TestEntry testId="ba334007-1ef5-4744-60cd-3330980b937f" executionId="108fe4bd-6147-4226-8f82-bfa1ef402197" testListId="8c84fa94-04c1-424b-9868-57a2d4851a1d" />
    <TestEntry testId="836dffea-3ca8-2798-701a-ed0c173746c1" executionId="d31676f4-16bc-4805-b996-568f91abf204" testListId="8c84fa94-04c1-424b-9868-57a2d4851a1d" />
    <TestEntry testId="61cbcabc-306a-d3e9-c5f3-c26aaaf7cfd6" executionId="31684dd9-7b00-4db2-a8ad-4898e866fc5f" testListId="8c84fa94-04c1-424b-9868-57a2d4851a1d" />
  </TestEntries>
  <TestLists>
    <TestList name="Results Not in a List" id="8c84fa94-04c1-424b-9868-57a2d4851a1d" />
    <TestList name="All Loaded Results" id="19431567-8539-422a-85d7-44ee4e166bda" />
  </TestLists>
  <ResultSummary outcome="Completed">
    <Counters total="7" executed="7" passed="7" failed="0" error="0" timeout="0" aborted="0" inconclusive="0" passedButRunAborted="0" notRunnable="0" notExecuted="0" disconnected="0" warning="0" completed="0" inProgress="0" pending="0" />
    <Output>
      <StdOut>Data collection : Logging DataCollector Diagnostics in file: C:\Users\SACHIN\Desktop\.NET\nunit\smartcalculator\test-diagnostics.datacollector.26-01-29_13-57-42_09595_5.txt&#xD;
Logging TestHost Diagnostics in file: C:\Users\SACHIN\Desktop\.NET\nunit\smartcalculator\test-diagnostics.host.26-01-29_13-57-42_29296_5.txt&#xD;
NUnit Adapter 5.0.0.0: Test execution started&#xD;
Running all tests in C:\Users\SACHIN\Desktop\.NET\nunit\smartcalculator\CalculatorLib.Tests\bin\Debug\net10.0\CalculatorLib.Tests.dll&#xD;
   NUnit3TestExecutor discovered 7 of 7 NUnit test cases using Current Discovery mode, Non-Explicit run&#xD;
NUnit Adapter 5.0.0.0: Test execution complete&#xD;
</StdOut>
    </Output>
  </ResultSummary>
</TestRun>